Using pre-set license
Built from '2020.3/staging' branch; Version is '2020.3.32f1 (12f8b0834f07) revision 1243312'; Using compiler version '192528614'; Build Type 'Release'
OS: 'Windows 10  (10.0.19044) 64bit Professional' Language: 'en' Physical Memory: 49098 MB
BatchMode: 1, IsHumanControllingUs: 0, StartBugReporterOnCrash: 0, Is64bit: 1, IsPro: 0

COMMAND LINE ARGUMENTS:
C:\Users\jebze\OneDrive\Documents\UnityProjects\2020.3.32f1\Editor\Unity.exe
-adb2
-batchMode
-noUpm
-name
AssetImportWorker0
-projectPath
C:/Users/jebze/OneDrive/Documents/GitHub/ScoreSpace Jam #25 - STEALTH
-logFile
Logs/AssetImportWorker0.log
-srvPort
59867
Successfully changed project path to: C:/Users/jebze/OneDrive/Documents/GitHub/ScoreSpace Jam #25 - STEALTH
C:/Users/jebze/OneDrive/Documents/GitHub/ScoreSpace Jam #25 - STEALTH
Using Asset Import Pipeline V2.
Refreshing native plugins compatible for Editor in 74.43 ms, found 3 plugins.
Preloading 0 native plugins for Editor in 0.00 ms.
Initialize engine version: 2020.3.32f1 (12f8b0834f07)
[Subsystems] Discovering subsystems at path C:/Users/jebze/OneDrive/Documents/UnityProjects/2020.3.32f1/Editor/Data/Resources/UnitySubsystems
[Subsystems] Discovering subsystems at path C:/Users/jebze/OneDrive/Documents/GitHub/ScoreSpace Jam #25 - STEALTH/Assets
GfxDevice: creating device client; threaded=0
Direct3D:
    Version:  Direct3D 11.0 [level 11.1]
    Renderer: NVIDIA GeForce RTX 3080 Ti (ID=0x2208)
    Vendor:   
    VRAM:     12100 MB
    Driver:   31.0.15.2802
Initialize mono
Mono path[0] = 'C:/Users/jebze/OneDrive/Documents/UnityProjects/2020.3.32f1/Editor/Data/Managed'
Mono path[1] = 'C:/Users/jebze/OneDrive/Documents/UnityProjects/2020.3.32f1/Editor/Data/MonoBleedingEdge/lib/mono/unityjit'
Mono config path = 'C:/Users/jebze/OneDrive/Documents/UnityProjects/2020.3.32f1/Editor/Data/MonoBleedingEdge/etc'
Using monoOptions --debugger-agent=transport=dt_socket,embedding=1,server=y,suspend=n,address=127.0.0.1:56920
Begin MonoManager ReloadAssembly
Registering precompiled unity dll's ...
Register platform support module: C:/Users/jebze/OneDrive/Documents/UnityProjects/2020.3.32f1/Editor/Data/PlaybackEngines/WindowsStandaloneSupport/UnityEditor.WindowsStandalone.Extensions.dll
Registered in 0.002543 seconds.
Native extension for WindowsStandalone target not found
Refreshing native plugins compatible for Editor in 62.19 ms, found 3 plugins.
Preloading 0 native plugins for Editor in 0.00 ms.
Mono: successfully reloaded assembly
- Completed reload, in  0.618 seconds
Domain Reload Profiling:
	ReloadAssembly (619ms)
		BeginReloadAssembly (68ms)
			ExecutionOrderSort (0ms)
			DisableScriptedObjects (0ms)
			BackupInstance (0ms)
			ReleaseScriptingObjects (0ms)
			CreateAndSetChildDomain (1ms)
		EndReloadAssembly (477ms)
			LoadAssemblies (65ms)
			RebuildTransferFunctionScriptingTraits (0ms)
			SetupTypeCache (157ms)
			ReleaseScriptCaches (0ms)
			RebuildScriptCaches (29ms)
			SetupLoadedEditorAssemblies (192ms)
				LogAssemblyErrors (0ms)
				InitializePlatformSupportModulesInManaged (4ms)
				SetLoadedEditorAssemblies (0ms)
				RefreshPlugins (62ms)
				BeforeProcessingInitializeOnLoad (13ms)
				ProcessInitializeOnLoadAttributes (83ms)
				ProcessInitializeOnLoadMethodAttributes (29ms)
				AfterProcessingInitializeOnLoad (0ms)
				EditorAssembliesLoaded (0ms)
			ExecutionOrderSort2 (0ms)
			AwakeInstancesAfterBackupRestoration (0ms)
Platform modules already initialized, skipping
Registering precompiled user dll's ...
Registered in 0.004872 seconds.
Begin MonoManager ReloadAssembly
Native extension for WindowsStandalone target not found
Refreshing native plugins compatible for Editor in 80.59 ms, found 3 plugins.
Preloading 0 native plugins for Editor in 0.00 ms.
Mono: successfully reloaded assembly
- Completed reload, in  1.222 seconds
Domain Reload Profiling:
	ReloadAssembly (1223ms)
		BeginReloadAssembly (151ms)
			ExecutionOrderSort (0ms)
			DisableScriptedObjects (4ms)
			BackupInstance (0ms)
			ReleaseScriptingObjects (0ms)
			CreateAndSetChildDomain (18ms)
		EndReloadAssembly (1009ms)
			LoadAssemblies (110ms)
			RebuildTransferFunctionScriptingTraits (0ms)
			SetupTypeCache (323ms)
			ReleaseScriptCaches (1ms)
			RebuildScriptCaches (57ms)
			SetupLoadedEditorAssemblies (407ms)
				LogAssemblyErrors (0ms)
				InitializePlatformSupportModulesInManaged (4ms)
				SetLoadedEditorAssemblies (0ms)
				RefreshPlugins (81ms)
				BeforeProcessingInitializeOnLoad (106ms)
				ProcessInitializeOnLoadAttributes (187ms)
				ProcessInitializeOnLoadMethodAttributes (18ms)
				AfterProcessingInitializeOnLoad (10ms)
				EditorAssembliesLoaded (0ms)
			ExecutionOrderSort2 (0ms)
			AwakeInstancesAfterBackupRestoration (6ms)
Platform modules already initialized, skipping
========================================================================
Worker process is ready to serve import requests
Launched and connected shader compiler UnityShaderCompiler.exe after 0.05 seconds
Refreshing native plugins compatible for Editor in 0.69 ms, found 3 plugins.
Preloading 0 native plugins for Editor in 0.00 ms.
Unloading 3405 Unused Serialized files (Serialized files now loaded: 0)
System memory in use before: 169.4 MB.
System memory in use after: 169.5 MB.

Unloading 31 unused Assets to reduce memory usage. Loaded Objects now: 3861.
Total: 3.431300 ms (FindLiveObjects: 0.307600 ms CreateObjectMapping: 0.144400 ms MarkObjects: 2.829500 ms  DeleteObjects: 0.148900 ms)

AssetImportParameters requested are different than current active one (requested -> active):
  custom:framework-win-MediaFoundation: 216162199b28c13a410421893ffa2e32 -> 
  custom:video-decoder-ogg-theora: a1e56fd34408186e4bbccfd4996cb3dc -> 
  custom:container-muxer-webm: aa71ff27fc2769a1b78a27578f13a17b -> 
  custom:container-demuxer-webm: 4f35f7cbe854078d1ac9338744f61a02 -> 
  custom:container-demuxer-ogg: 62fdf1f143b41e24485cea50d1cbac27 -> 
  custom:video-encoder-webm-vp8: eb34c28f22e8b96e1ab97ce403110664 -> 
  custom:video-codec-MediaFoundation-h265: 746d11721c4dcdbdad8f713fa42b33f4 -> 
  custom:video-decoder-webm-vp8: 9c59270c3fd7afecdb556c50c9e8de78 -> 
  custom:audio-decoder-ogg-vorbis: bf7c407c2cedff20999df2af8eb42d56 -> 
  custom:audio-encoder-webm-vorbis: bf7c407c2cedff20999df2af8eb42d56 -> 
========================================================================
Received Import Request.
  path: Assets/Menu.unity
  artifactKey: Guid(ad70176214af1364aa69f572d665a442) Importer(815301076,1909f56bfc062723c751e8b465ee728b)
Start importing Assets/Menu.unity using Guid(ad70176214af1364aa69f572d665a442) Importer(815301076,1909f56bfc062723c751e8b465ee728b)  -> (artifact id: '4ebb0d0f679e10b1d2af1593cecf8867') in 0.009916 seconds 
========================================================================
Received Import Request.
  Time since last request: 311.649640 seconds.
  path: Assets/mrsmonster.ttf
  artifactKey: Guid(5b01ce3ea2448ee4f9b790a6173f2dd7) Importer(815301076,1909f56bfc062723c751e8b465ee728b)
Start importing Assets/mrsmonster.ttf using Guid(5b01ce3ea2448ee4f9b790a6173f2dd7) Importer(815301076,1909f56bfc062723c751e8b465ee728b)  -> (artifact id: '7b237332f78b3d5cf0d65267b7257464') in 0.282704 seconds 
========================================================================
Received Import Request.
  Time since last request: 115.534896 seconds.
  path: Assets/Puff.prefab
  artifactKey: Guid(7a6a270b8f88de64aa318311600ee036) Importer(815301076,1909f56bfc062723c751e8b465ee728b)
Start importing Assets/Puff.prefab using Guid(7a6a270b8f88de64aa318311600ee036) Importer(815301076,1909f56bfc062723c751e8b465ee728b)  -> (artifact id: '370136b5d6b287928eaf7b0003fa6ea6') in 0.037605 seconds 
========================================================================
Received Import Request.
  Time since last request: 230.924129 seconds.
  path: Assets/Main.unity
  artifactKey: Guid(2cda990e2423bbf4892e6590ba056729) Importer(815301076,1909f56bfc062723c751e8b465ee728b)
Start importing Assets/Main.unity using Guid(2cda990e2423bbf4892e6590ba056729) Importer(815301076,1909f56bfc062723c751e8b465ee728b)  -> (artifact id: 'c0507948716859adddcad3136f1bffd1') in 0.009074 seconds 
========================================================================
Received Import Request.
  Time since last request: 146.956295 seconds.
  path: Assets/Menu.unity
  artifactKey: Guid(ad70176214af1364aa69f572d665a442) Importer(815301076,1909f56bfc062723c751e8b465ee728b)
Start importing Assets/Menu.unity using Guid(ad70176214af1364aa69f572d665a442) Importer(815301076,1909f56bfc062723c751e8b465ee728b)  -> (artifact id: '3eb5b3d489806f22b13f73523107a37f') in 0.002462 seconds 
========================================================================
Received Prepare
Registering precompiled user dll's ...
Registered in 0.005602 seconds.
Begin MonoManager ReloadAssembly
Native extension for WindowsStandalone target not found
Refreshing native plugins compatible for Editor in 0.73 ms, found 3 plugins.
Preloading 0 native plugins for Editor in 0.00 ms.
Mono: successfully reloaded assembly
- Completed reload, in  1.450 seconds
Domain Reload Profiling:
	ReloadAssembly (1451ms)
		BeginReloadAssembly (177ms)
			ExecutionOrderSort (0ms)
			DisableScriptedObjects (10ms)
			BackupInstance (0ms)
			ReleaseScriptingObjects (0ms)
			CreateAndSetChildDomain (50ms)
		EndReloadAssembly (1198ms)
			LoadAssemblies (135ms)
			RebuildTransferFunctionScriptingTraits (0ms)
			SetupTypeCache (413ms)
			ReleaseScriptCaches (2ms)
			RebuildScriptCaches (70ms)
			SetupLoadedEditorAssemblies (404ms)
				LogAssemblyErrors (0ms)
				InitializePlatformSupportModulesInManaged (4ms)
				SetLoadedEditorAssemblies (1ms)
				RefreshPlugins (1ms)
				BeforeProcessingInitializeOnLoad (141ms)
				ProcessInitializeOnLoadAttributes (228ms)
				ProcessInitializeOnLoadMethodAttributes (16ms)
				AfterProcessingInitializeOnLoad (13ms)
				EditorAssembliesLoaded (0ms)
			ExecutionOrderSort2 (0ms)
			AwakeInstancesAfterBackupRestoration (23ms)
Platform modules already initialized, skipping
Refreshing native plugins compatible for Editor in 1.16 ms, found 3 plugins.
Preloading 0 native plugins for Editor in 0.00 ms.
Unloading 3282 Unused Serialized files (Serialized files now loaded: 0)
System memory in use before: 166.5 MB.
System memory in use after: 166.6 MB.

Unloading 22 unused Assets to reduce memory usage. Loaded Objects now: 3946.
Total: 4.293400 ms (FindLiveObjects: 0.297900 ms CreateObjectMapping: 0.164000 ms MarkObjects: 3.619100 ms  DeleteObjects: 0.211200 ms)

AssetImportParameters requested are different than current active one (requested -> active):
  custom:framework-win-MediaFoundation: 216162199b28c13a410421893ffa2e32 -> 
  custom:video-decoder-ogg-theora: a1e56fd34408186e4bbccfd4996cb3dc -> 
  custom:container-muxer-webm: aa71ff27fc2769a1b78a27578f13a17b -> 
  custom:container-demuxer-webm: 4f35f7cbe854078d1ac9338744f61a02 -> 
  custom:container-demuxer-ogg: 62fdf1f143b41e24485cea50d1cbac27 -> 
  custom:video-encoder-webm-vp8: eb34c28f22e8b96e1ab97ce403110664 -> 
  custom:video-codec-MediaFoundation-h265: 746d11721c4dcdbdad8f713fa42b33f4 -> 
  custom:video-decoder-webm-vp8: 9c59270c3fd7afecdb556c50c9e8de78 -> 
  custom:audio-decoder-ogg-vorbis: bf7c407c2cedff20999df2af8eb42d56 -> 
  custom:audio-encoder-webm-vorbis: bf7c407c2cedff20999df2af8eb42d56 -> 
========================================================================
Received Import Request.
  Time since last request: 757.120354 seconds.
  path: Assets/Sneaky_Fox_Icon.png
  artifactKey: Guid(110a1b51ba3cb3d44aecfadcaf9088e4) Importer(815301076,1909f56bfc062723c751e8b465ee728b)
Start importing Assets/Sneaky_Fox_Icon.png using Guid(110a1b51ba3cb3d44aecfadcaf9088e4) Importer(815301076,1909f56bfc062723c751e8b465ee728b)  -> (artifact id: 'b10ec6894a5224d186209a2e663219e4') in 0.134773 seconds 
========================================================================
Received Import Request.
  Time since last request: 1336.311709 seconds.
  path: Assets/wipe_anim_start.anim
  artifactKey: Guid(4c21cb446d5bec249b11f41e232218a9) Importer(815301076,1909f56bfc062723c751e8b465ee728b)
Start importing Assets/wipe_anim_start.anim using Guid(4c21cb446d5bec249b11f41e232218a9) Importer(815301076,1909f56bfc062723c751e8b465ee728b)  -> (artifact id: '32f1b530de408522f91da648bd485ff5') in 0.010776 seconds 
========================================================================
Received Import Request.
  Time since last request: 4.451312 seconds.
  path: Assets/wipe_anim_end.anim
  artifactKey: Guid(4c21cb446d5bec249b11f41e232218a9) Importer(815301076,1909f56bfc062723c751e8b465ee728b)
Start importing Assets/wipe_anim_end.anim using Guid(4c21cb446d5bec249b11f41e232218a9) Importer(815301076,1909f56bfc062723c751e8b465ee728b)  -> (artifact id: 'ad54382f4b73714c8c53c873f4f3e9bf') in 0.007076 seconds 
========================================================================
Received Import Request.
  Time since last request: 35.022468 seconds.
  path: Assets/wipe_anim.anim
  artifactKey: Guid(60fcc2f9d986ca54eb66b1e7ea3fe31a) Importer(815301076,1909f56bfc062723c751e8b465ee728b)
Start importing Assets/wipe_anim.anim using Guid(60fcc2f9d986ca54eb66b1e7ea3fe31a) Importer(815301076,1909f56bfc062723c751e8b465ee728b)  -> (artifact id: 'b0a5f5ad71f4b6aa6dd7e8a20a8c4fdf') in 0.007655 seconds 
========================================================================
Received Import Request.
  Time since last request: 28.541696 seconds.
  path: Assets/Canvas.controller
  artifactKey: Guid(40cbfada4916fd94e83e1e8b9214602b) Importer(815301076,1909f56bfc062723c751e8b465ee728b)
Start importing Assets/Canvas.controller using Guid(40cbfada4916fd94e83e1e8b9214602b) Importer(815301076,1909f56bfc062723c751e8b465ee728b)  -> (artifact id: '9341923d891d445b7e221d769e18a17c') in 0.013038 seconds 
========================================================================
Received Import Request.
  Time since last request: 63.732804 seconds.
  path: Assets/wipe_anim_end.anim
  artifactKey: Guid(4c21cb446d5bec249b11f41e232218a9) Importer(815301076,1909f56bfc062723c751e8b465ee728b)
Start importing Assets/wipe_anim_end.anim using Guid(4c21cb446d5bec249b11f41e232218a9) Importer(815301076,1909f56bfc062723c751e8b465ee728b)  -> (artifact id: '4ff2848f76e1e720249a304efd3102fe') in 0.003206 seconds 
========================================================================
Received Import Request.
  Time since last request: 89.198512 seconds.
  path: Assets/wipe_anim.anim
  artifactKey: Guid(60fcc2f9d986ca54eb66b1e7ea3fe31a) Importer(815301076,1909f56bfc062723c751e8b465ee728b)
Start importing Assets/wipe_anim.anim using Guid(60fcc2f9d986ca54eb66b1e7ea3fe31a) Importer(815301076,1909f56bfc062723c751e8b465ee728b)  -> (artifact id: '9b386b1248e14b7ec0d78f08024ad604') in 0.004779 seconds 
========================================================================
Received Import Request.
  Time since last request: 51.024540 seconds.
  path: Assets/wipe_anim_end.anim
  artifactKey: Guid(4c21cb446d5bec249b11f41e232218a9) Importer(815301076,1909f56bfc062723c751e8b465ee728b)
Start importing Assets/wipe_anim_end.anim using Guid(4c21cb446d5bec249b11f41e232218a9) Importer(815301076,1909f56bfc062723c751e8b465ee728b)  -> (artifact id: '827bee5349960facdf867ee344ff65e5') in 0.003515 seconds 
========================================================================
Received Import Request.
  Time since last request: 3.456510 seconds.
  path: Assets/wipe_anim_start.anim
  artifactKey: Guid(4c21cb446d5bec249b11f41e232218a9) Importer(815301076,1909f56bfc062723c751e8b465ee728b)
Start importing Assets/wipe_anim_start.anim using Guid(4c21cb446d5bec249b11f41e232218a9) Importer(815301076,1909f56bfc062723c751e8b465ee728b)  -> (artifact id: '368ed429cd1aa53b97c26ccc70a5ba83') in 0.002743 seconds 
========================================================================
Received Import Request.
  Time since last request: 100.696789 seconds.
  path: Assets/Canvas.controller
  artifactKey: Guid(40cbfada4916fd94e83e1e8b9214602b) Importer(815301076,1909f56bfc062723c751e8b465ee728b)
Start importing Assets/Canvas.controller using Guid(40cbfada4916fd94e83e1e8b9214602b) Importer(815301076,1909f56bfc062723c751e8b465ee728b)  -> (artifact id: '1f0cafddc7328e155594f01c79509d61') in 0.005036 seconds 
========================================================================
Received Import Request.
  Time since last request: 30.905476 seconds.
  path: Assets/wipe_anim.anim
  artifactKey: Guid(60fcc2f9d986ca54eb66b1e7ea3fe31a) Importer(815301076,1909f56bfc062723c751e8b465ee728b)
Start importing Assets/wipe_anim.anim using Guid(60fcc2f9d986ca54eb66b1e7ea3fe31a) Importer(815301076,1909f56bfc062723c751e8b465ee728b)  -> (artifact id: '3a688213294d5783fdde8020b1ae3d8c') in 0.004554 seconds 
========================================================================
Received Import Request.
  Time since last request: 2.845941 seconds.
  path: Assets/wipe_anim_end.anim
  artifactKey: Guid(60fcc2f9d986ca54eb66b1e7ea3fe31a) Importer(815301076,1909f56bfc062723c751e8b465ee728b)
Start importing Assets/wipe_anim_end.anim using Guid(60fcc2f9d986ca54eb66b1e7ea3fe31a) Importer(815301076,1909f56bfc062723c751e8b465ee728b)  -> (artifact id: '92e3985a8a00500ebba0c1c678b0c3b1') in 0.003504 seconds 
========================================================================
Received Prepare
Registering precompiled user dll's ...
Registered in 0.004713 seconds.
Begin MonoManager ReloadAssembly
Native extension for WindowsStandalone target not found
Refreshing native plugins compatible for Editor in 0.72 ms, found 3 plugins.
Preloading 0 native plugins for Editor in 0.00 ms.
Mono: successfully reloaded assembly
- Completed reload, in  1.305 seconds
Domain Reload Profiling:
	ReloadAssembly (1306ms)
		BeginReloadAssembly (149ms)
			ExecutionOrderSort (0ms)
			DisableScriptedObjects (8ms)
			BackupInstance (0ms)
			ReleaseScriptingObjects (0ms)
			CreateAndSetChildDomain (45ms)
		EndReloadAssembly (1085ms)
			LoadAssemblies (128ms)
			RebuildTransferFunctionScriptingTraits (0ms)
			SetupTypeCache (373ms)
			ReleaseScriptCaches (2ms)
			RebuildScriptCaches (55ms)
			SetupLoadedEditorAssemblies (371ms)
				LogAssemblyErrors (0ms)
				InitializePlatformSupportModulesInManaged (4ms)
				SetLoadedEditorAssemblies (0ms)
				RefreshPlugins (1ms)
				BeforeProcessingInitializeOnLoad (134ms)
				ProcessInitializeOnLoadAttributes (208ms)
				ProcessInitializeOnLoadMethodAttributes (14ms)
				AfterProcessingInitializeOnLoad (10ms)
				EditorAssembliesLoaded (0ms)
			ExecutionOrderSort2 (0ms)
			AwakeInstancesAfterBackupRestoration (18ms)
Platform modules already initialized, skipping
Refreshing native plugins compatible for Editor in 0.71 ms, found 3 plugins.
Preloading 0 native plugins for Editor in 0.00 ms.
Unloading 3282 Unused Serialized files (Serialized files now loaded: 0)
System memory in use before: 166.6 MB.
System memory in use after: 166.7 MB.

Unloading 21 unused Assets to reduce memory usage. Loaded Objects now: 3952.
Total: 4.445200 ms (FindLiveObjects: 0.336700 ms CreateObjectMapping: 0.182700 ms MarkObjects: 3.766300 ms  DeleteObjects: 0.158500 ms)

AssetImportParameters requested are different than current active one (requested -> active):
  custom:framework-win-MediaFoundation: 216162199b28c13a410421893ffa2e32 -> 
  custom:video-decoder-ogg-theora: a1e56fd34408186e4bbccfd4996cb3dc -> 
  custom:container-muxer-webm: aa71ff27fc2769a1b78a27578f13a17b -> 
  custom:container-demuxer-webm: 4f35f7cbe854078d1ac9338744f61a02 -> 
  custom:container-demuxer-ogg: 62fdf1f143b41e24485cea50d1cbac27 -> 
  custom:video-encoder-webm-vp8: eb34c28f22e8b96e1ab97ce403110664 -> 
  custom:video-codec-MediaFoundation-h265: 746d11721c4dcdbdad8f713fa42b33f4 -> 
  custom:video-decoder-webm-vp8: 9c59270c3fd7afecdb556c50c9e8de78 -> 
  custom:audio-decoder-ogg-vorbis: bf7c407c2cedff20999df2af8eb42d56 -> 
  custom:audio-encoder-webm-vorbis: bf7c407c2cedff20999df2af8eb42d56 -> 
========================================================================
Received Prepare
Registering precompiled user dll's ...
Registered in 0.005293 seconds.
Begin MonoManager ReloadAssembly
Native extension for WindowsStandalone target not found
Refreshing native plugins compatible for Editor in 0.81 ms, found 3 plugins.
Preloading 0 native plugins for Editor in 0.00 ms.
Mono: successfully reloaded assembly
- Completed reload, in  1.483 seconds
Domain Reload Profiling:
	ReloadAssembly (1484ms)
		BeginReloadAssembly (180ms)
			ExecutionOrderSort (0ms)
			DisableScriptedObjects (9ms)
			BackupInstance (0ms)
			ReleaseScriptingObjects (0ms)
			CreateAndSetChildDomain (50ms)
		EndReloadAssembly (1212ms)
			LoadAssemblies (170ms)
			RebuildTransferFunctionScriptingTraits (0ms)
			SetupTypeCache (443ms)
			ReleaseScriptCaches (2ms)
			RebuildScriptCaches (68ms)
			SetupLoadedEditorAssemblies (392ms)
				LogAssemblyErrors (0ms)
				InitializePlatformSupportModulesInManaged (5ms)
				SetLoadedEditorAssemblies (1ms)
				RefreshPlugins (1ms)
				BeforeProcessingInitializeOnLoad (139ms)
				ProcessInitializeOnLoadAttributes (217ms)
				ProcessInitializeOnLoadMethodAttributes (18ms)
				AfterProcessingInitializeOnLoad (11ms)
				EditorAssembliesLoaded (0ms)
			ExecutionOrderSort2 (0ms)
			AwakeInstancesAfterBackupRestoration (20ms)
Platform modules already initialized, skipping
Refreshing native plugins compatible for Editor in 0.72 ms, found 3 plugins.
Preloading 0 native plugins for Editor in 0.00 ms.
Unloading 3282 Unused Serialized files (Serialized files now loaded: 0)
System memory in use before: 166.6 MB.
System memory in use after: 166.7 MB.

Unloading 21 unused Assets to reduce memory usage. Loaded Objects now: 3955.
Total: 3.935000 ms (FindLiveObjects: 0.368200 ms CreateObjectMapping: 0.204800 ms MarkObjects: 3.215200 ms  DeleteObjects: 0.145700 ms)

AssetImportParameters requested are different than current active one (requested -> active):
  custom:framework-win-MediaFoundation: 216162199b28c13a410421893ffa2e32 -> 
  custom:video-decoder-ogg-theora: a1e56fd34408186e4bbccfd4996cb3dc -> 
  custom:container-muxer-webm: aa71ff27fc2769a1b78a27578f13a17b -> 
  custom:container-demuxer-webm: 4f35f7cbe854078d1ac9338744f61a02 -> 
  custom:container-demuxer-ogg: 62fdf1f143b41e24485cea50d1cbac27 -> 
  custom:video-encoder-webm-vp8: eb34c28f22e8b96e1ab97ce403110664 -> 
  custom:video-codec-MediaFoundation-h265: 746d11721c4dcdbdad8f713fa42b33f4 -> 
  custom:video-decoder-webm-vp8: 9c59270c3fd7afecdb556c50c9e8de78 -> 
  custom:audio-decoder-ogg-vorbis: bf7c407c2cedff20999df2af8eb42d56 -> 
  custom:audio-encoder-webm-vorbis: bf7c407c2cedff20999df2af8eb42d56 -> 
========================================================================
Received Import Request.
  Time since last request: 199.528671 seconds.
  path: Assets/Scripts/TransitionController.cs
  artifactKey: Guid(623391b0f9db19e4396a3053403d679c) Importer(815301076,1909f56bfc062723c751e8b465ee728b)
Start importing Assets/Scripts/TransitionController.cs using Guid(623391b0f9db19e4396a3053403d679c) Importer(815301076,1909f56bfc062723c751e8b465ee728b)  -> (artifact id: '58af037eae5cff8913463bac33eecac7') in 0.025356 seconds 
